/usr/pack/synopsys-2017.09-kgf/syn/auxx/gui/dv/dv_setup.tcl
/usr/pack/synopsys-2017.09-kgf/syn/auxx/gui/syn/snpsSynProcs.tcl
/usr/pack/synopsys-2017.09-kgf/syn/auxx/gui/syn/layout/pkgIndex.tcl
/usr/pack/synopsys-2017.09-kgf/syn/auxx/gui/common/qtcl/pkgIndex.tcl
/usr/pack/synopsys-2017.09-kgf/syn/auxx/gui/common/tcl-dp/pkgIndex.tcl
/usr/pack/synopsys-2017.09-kgf/syn/auxx/gui/common/histogram/pkgIndex.tcl
/usr/pack/synopsys-2017.09-kgf/syn/auxx/gui/common/hierarchy/pkgIndex.tcl
/usr/pack/synopsys-2017.09-kgf/syn/auxx/gui/common/mrupalette/pkgIndex.tcl
/usr/pack/synopsys-2017.09-kgf/syn/auxx/gui/common/dialogs/pkgIndex.tcl
/usr/pack/synopsys-2017.09-kgf/syn/auxx/gui/common/table/pkgIndex.tcl
/usr/pack/synopsys-2017.09-kgf/syn/auxx/gui/common/highlight/pkgIndex.tcl
/usr/pack/synopsys-2017.09-kgf/syn/auxx/gui/common/regressionToolkit/pkgIndex.tcl
/usr/pack/synopsys-2017.09-kgf/syn/auxx/gui/common/schematic/pkgIndex.tcl
/usr/pack/synopsys-2017.09-kgf/syn/auxx/gui/common/misc/pkgIndex.tcl
/usr/pack/synopsys-2017.09-kgf/syn/auxx/gui/common/acg/pkgIndex.tcl
/usr/pack/synopsys-2017.09-kgf/syn/auxx/gui/common/docBrowser/pkgIndex.tcl
/usr/pack/synopsys-2017.09-kgf/syn/auxx/gui/common/strokes/pkgIndex.tcl
/usr/pack/synopsys-2017.09-kgf/syn/auxx/gui/common/tiledview/pkgIndex.tcl
/usr/pack/synopsys-2017.09-kgf/syn/auxx/gui/common/opdlg/pkgIndex.tcl
/usr/pack/synopsys-2017.09-kgf/syn/auxx/gui/common/pathinspector/pkgIndex.tcl
/usr/pack/synopsys-2017.09-kgf/syn/auxx/gui/common/view/pkgIndex.tcl
/usr/pack/synopsys-2017.09-kgf/syn/auxx/gui/common/commandform/pkgIndex.tcl
/usr/pack/synopsys-2017.09-kgf/syn/auxx/gui/common/menus/pkgIndex.tcl
/usr/pack/synopsys-2017.09-kgf/syn/auxx/gui/common/timing/pkgIndex.tcl
/usr/pack/synopsys-2017.09-kgf/syn/auxx/gui/common/WindowFrameWork/pkgIndex.tcl
/usr/pack/synopsys-2017.09-kgf/syn/auxx/gui/common/select/pkgIndex.tcl
/usr/pack/synopsys-2017.09-kgf/syn/auxx/gui/common/libviewer/pkgIndex.tcl
/usr/pack/synopsys-2017.09-kgf/syn/auxx/gui/common/setup/pkgIndex.tcl
/usr/pack/synopsys-2017.09-kgf/syn/auxx/gui/common/fanoutviewer/pkgIndex.tcl
/usr/pack/synopsys-2017.09-kgf/syn/auxx/gui/common/tq/pkgIndex.tcl
/usr/pack/synopsys-2017.09-kgf/syn/auxx/gui/common/palettegroup/pkgIndex.tcl
/usr/pack/synopsys-2017.09-kgf/syn/auxx/gui/common/profiler/pkgIndex.tcl
/usr/pack/synopsys-2017.09-kgf/syn/auxx/gui/common/layout/pkgIndex.tcl
/usr/pack/synopsys-2017.09-kgf/syn/auxx/gui/dv/pkgIndex.tcl
/usr/pack/synopsys-2017.09-kgf/syn/auxx/syn/lib/pkgIndex.tcl
/usr/pack/synopsys-2017.09-kgf/syn/auxx/tcllib/lib/iwidgets4.1/pkgIndex.tcl
/usr/pack/synopsys-2017.09-kgf/syn/auxx/tcllib/snps_tcl/snpsTest/pkgIndex.tcl
/usr/pack/synopsys-2017.09-kgf/syn/auxx/tcllib/snps_tcl/snpsTclPro/pkgIndex.tcl
/usr/pack/synopsys-2017.09-kgf/syn/auxx/tcllib/snps_tcl/snpsUtils/pkgIndex.tcl
/usr/pack/synopsys-2017.09-kgf/syn/auxx/tcllib/snps_tcl/pkgIndex.tcl
/usr/pack/synopsys-2017.09-kgf/syn/auxx/tcllib/lib/tcl8.6/http1.0/pkgIndex.tcl
/usr/pack/synopsys-2017.09-kgf/syn/auxx/tcllib/lib/tcl8.6/reg/pkgIndex.tcl
/usr/pack/synopsys-2017.09-kgf/syn/auxx/tcllib/lib/tcl8.6/msgcat/pkgIndex.tcl
/usr/pack/synopsys-2017.09-kgf/syn/auxx/tcllib/lib/tcl8.6/http/pkgIndex.tcl
/usr/pack/synopsys-2017.09-kgf/syn/auxx/tcllib/lib/tcl8.6/tcltest/pkgIndex.tcl
/usr/pack/synopsys-2017.09-kgf/syn/auxx/tcllib/lib/tcl8.6/dde/pkgIndex.tcl
/usr/pack/synopsys-2017.09-kgf/syn/auxx/tcllib/lib/tcl8.6/opt/pkgIndex.tcl
/usr/pack/synopsys-2017.09-kgf/syn/auxx/tcllib/lib/tcl8.6/platform/pkgIndex.tcl
/usr/pack/synopsys-2017.09-kgf/syn/auxx/gui/common/setup/snpsCommonSetup.tcl
/usr/pack/synopsys-2017.09-kgf/syn/auxx/gui/common/setup/snpsCustomize.tcl
/usr/pack/synopsys-2017.09-kgf/syn/auxx/gui/common/setup/snpsProcheck.tcl
/usr/pack/synopsys-2017.09-kgf/syn/auxx/gui/common/qtcl/.synopsys_qtcl.tcl
/usr/pack/synopsys-2017.09-kgf/syn/auxx/gui/common/highlight/highlight.tcl
/usr/pack/synopsys-2017.09-kgf/syn/auxx/gui/common/misc/base.tcl
/usr/pack/synopsys-2017.09-kgf/syn/auxx/gui/common/misc/timing.tcl
/usr/pack/synopsys-2017.09-kgf/syn/auxx/gui/common/misc/setting.tcl
/usr/pack/synopsys-2017.09-kgf/syn/auxx/gui/common/misc/preset.tcl
/usr/pack/synopsys-2017.09-kgf/syn/auxx/gui/common/WindowFrameWork/windowFrameWork.tcl
/usr/pack/synopsys-2017.09-kgf/syn/auxx/gui/common/WindowFrameWork/skipBusyCursorCmdList.tcl
/usr/pack/synopsys-2017.09-kgf/syn/auxx/gui/common/docBrowser/docBrowser.tcl
/usr/pack/synopsys-2017.09-kgf/syn/auxx/tcllib/snps_tcl/snpsUtils/snpsUtils.tcl
/usr/pack/synopsys-2017.09-kgf/syn/auxx/gui/common/dialogs/ObjectChooser.tcl
/usr/pack/synopsys-2017.09-kgf/syn/auxx/gui/common/misc/DialogObjectChooser.tcl
/usr/pack/synopsys-2017.09-kgf/syn/auxx/gui/common/dialogs/HistBinInformation.tcl
/usr/pack/synopsys-2017.09-kgf/syn/auxx/gui/common/dialogs/HistBin1Information.tcl
/usr/pack/synopsys-2017.09-kgf/syn/auxx/gui/common/dialogs/BinsOnlyInformation.tcl
/usr/pack/synopsys-2017.09-kgf/syn/auxx/gui/common/dialogs/FileChooser.tcl
/usr/pack/synopsys-2017.09-kgf/syn/auxx/gui/common/dialogs/PathPinSimpleInfo.tcl
/usr/pack/synopsys-2017.09-kgf/syn/auxx/gui/common/dialogs/PathsBasicInfo.tcl
/usr/pack/synopsys-2017.09-kgf/syn/auxx/gui/common/dialogs/PathsBasicSimpleInfo.tcl
/usr/pack/synopsys-2017.09-kgf/syn/auxx/gui/common/dialogs/SlctOperationInfo.tcl
/usr/pack/synopsys-2017.09-kgf/syn/auxx/gui/common/dialogs/ObjectListInfo.tcl
/usr/pack/synopsys-2017.09-kgf/syn/auxx/gui/common/dialogs/FanInOutInfo.tcl
/usr/pack/synopsys-2017.09-kgf/syn/auxx/gui/common/dialogs/NumberOfLevelsChooser.tcl
/usr/pack/synopsys-2017.09-kgf/syn/auxx/gui/common/dialogs/WindowReuseInfo.tcl
/usr/pack/synopsys-2017.09-kgf/syn/auxx/gui/common/dialogs/ReportOutputOptionInfo.tcl
/usr/pack/synopsys-2017.09-kgf/syn/auxx/gui/common/setup/snpsCollections.tcl
/usr/pack/synopsys-2017.09-kgf/syn/auxx/gui/common/dialogs/CompileLinkDesign.tcl
/usr/pack/synopsys-2017.09-kgf/syn/auxx/gui/common/histogram/DialogEndpointSlack.tcl
/usr/pack/synopsys-2017.09-kgf/syn/auxx/gui/common/histogram/DialogPathsSlack.tcl
/usr/pack/synopsys-2017.09-kgf/syn/auxx/gui/common/histogram/DialogNetCapacitance.tcl
/usr/pack/synopsys-2017.09-kgf/syn/auxx/gui/common/schematic/DialogPathSchematicFanInOut.tcl
/usr/pack/synopsys-2017.09-kgf/syn/auxx/gui/common/schematic/DialogPathSchematicAddPaths.tcl
/home/msc18h28/ma/synopsys/scripts/shift_serializer_synth.tcl
/home/msc18h28/ma/sourcecode/shift_serializer.sv
/usr/pack/synopsys-2017.09-kgf/syn/libraries/syn/dw_foundation.sldb
/home/msc18h28/ma/technology/db/sc9_soi12s0_base_svt_ss_nominal_max_0p90v_125c_mxs.db
/home/msc18h28/ma/technology/db/io_gppr_soi12s0_t18_mv10_mv18_avt_pl_tt_cnom_1p00v_1p80v_25c.db
/usr/pack/synopsys-2017.09-kgf/syn/libraries/syn/gtech.db
/usr/pack/synopsys-2017.09-kgf/syn/libraries/syn/standard.sldb
/home/msc18h28/ma/synopsys/DDC/shift_serializer_elab.ddc
/home/msc18h28/ma/technology/db/sc9_soi12s0_base_svt_ss_nominal_max_0p90v_125c_mxs.db
/home/msc18h28/ma/synopsys/alib/alib-52/sc9_soi12s0_base_svt_ss_nominal_max_0p90v_125c_mxs.db.alib
/home/msc18h28/ma/technology/db/io_gppr_soi12s0_t18_mv10_mv18_avt_pl_tt_cnom_1p00v_1p80v_25c.db
/home/msc18h28/ma/synopsys/alib/alib-52/io_gppr_soi12s0_t18_mv10_mv18_avt_pl_tt_cnom_1p00v_1p80v_25c.db.alib
/home/msc18h28/ma/technology/db/sc9_soi12s0_base_svt_ss_nominal_max_0p90v_125c_mxs.db
/home/msc18h28/ma/technology/db/io_gppr_soi12s0_t18_mv10_mv18_avt_pl_tt_cnom_1p00v_1p80v_25c.db
/home/msc18h28/ma/synopsys/alib/alib-52/sc9_soi12s0_base_svt_ss_nominal_max_0p90v_125c_mxs.db.alib
/home/msc18h28/ma/synopsys/alib/alib-52/io_gppr_soi12s0_t18_mv10_mv18_avt_pl_tt_cnom_1p00v_1p80v_25c.db.alib
/home/msc18h28/ma/technology/db/sc9_soi12s0_base_svt_ss_nominal_max_0p90v_125c_mxs.db
/home/msc18h28/ma/technology/db/io_gppr_soi12s0_t18_mv10_mv18_avt_pl_tt_cnom_1p00v_1p80v_25c.db
/home/msc18h28/ma/synopsys/scripts/shift_serializer_synth.tcl
/home/msc18h28/ma/sourcecode/shift_serializer.sv
/usr/pack/synopsys-2017.09-kgf/syn/libraries/syn/dw_foundation.sldb
/home/msc18h28/ma/technology/db/sc9_soi12s0_base_svt_ss_nominal_max_0p90v_125c_mxs.db
/home/msc18h28/ma/technology/db/io_gppr_soi12s0_t18_mv10_mv18_avt_pl_tt_cnom_1p00v_1p80v_25c.db
/usr/pack/synopsys-2017.09-kgf/syn/libraries/syn/gtech.db
/usr/pack/synopsys-2017.09-kgf/syn/libraries/syn/standard.sldb
/home/msc18h28/ma/synopsys/DDC/shift_serializer_elab.ddc
/home/msc18h28/ma/technology/db/sc9_soi12s0_base_svt_ss_nominal_max_0p90v_125c_mxs.db
/home/msc18h28/ma/synopsys/alib/alib-52/sc9_soi12s0_base_svt_ss_nominal_max_0p90v_125c_mxs.db.alib
/home/msc18h28/ma/technology/db/io_gppr_soi12s0_t18_mv10_mv18_avt_pl_tt_cnom_1p00v_1p80v_25c.db
/home/msc18h28/ma/synopsys/alib/alib-52/io_gppr_soi12s0_t18_mv10_mv18_avt_pl_tt_cnom_1p00v_1p80v_25c.db.alib
/home/msc18h28/ma/technology/db/sc9_soi12s0_base_svt_ss_nominal_max_0p90v_125c_mxs.db
/home/msc18h28/ma/technology/db/io_gppr_soi12s0_t18_mv10_mv18_avt_pl_tt_cnom_1p00v_1p80v_25c.db
/home/msc18h28/ma/synopsys/alib/alib-52/sc9_soi12s0_base_svt_ss_nominal_max_0p90v_125c_mxs.db.alib
/home/msc18h28/ma/synopsys/alib/alib-52/io_gppr_soi12s0_t18_mv10_mv18_avt_pl_tt_cnom_1p00v_1p80v_25c.db.alib
/home/msc18h28/ma/technology/db/sc9_soi12s0_base_svt_ss_nominal_max_0p90v_125c_mxs.db
/home/msc18h28/ma/technology/db/io_gppr_soi12s0_t18_mv10_mv18_avt_pl_tt_cnom_1p00v_1p80v_25c.db
/home/msc18h28/ma/synopsys/scripts/shift_serializer_synth.tcl
/home/msc18h28/ma/sourcecode/shift_serializer.sv
/usr/pack/synopsys-2017.09-kgf/syn/libraries/syn/dw_foundation.sldb
/home/msc18h28/ma/technology/db/sc9_soi12s0_base_svt_ss_nominal_max_0p90v_125c_mxs.db
/home/msc18h28/ma/technology/db/io_gppr_soi12s0_t18_mv10_mv18_avt_pl_tt_cnom_1p00v_1p80v_25c.db
/usr/pack/synopsys-2017.09-kgf/syn/libraries/syn/gtech.db
/usr/pack/synopsys-2017.09-kgf/syn/libraries/syn/standard.sldb
/home/msc18h28/ma/synopsys/DDC/shift_serializer_elab.ddc
/home/msc18h28/ma/technology/db/sc9_soi12s0_base_svt_ss_nominal_max_0p90v_125c_mxs.db
/home/msc18h28/ma/synopsys/alib/alib-52/sc9_soi12s0_base_svt_ss_nominal_max_0p90v_125c_mxs.db.alib
/home/msc18h28/ma/technology/db/io_gppr_soi12s0_t18_mv10_mv18_avt_pl_tt_cnom_1p00v_1p80v_25c.db
/home/msc18h28/ma/synopsys/alib/alib-52/io_gppr_soi12s0_t18_mv10_mv18_avt_pl_tt_cnom_1p00v_1p80v_25c.db.alib
/home/msc18h28/ma/technology/db/sc9_soi12s0_base_svt_ss_nominal_max_0p90v_125c_mxs.db
/home/msc18h28/ma/technology/db/io_gppr_soi12s0_t18_mv10_mv18_avt_pl_tt_cnom_1p00v_1p80v_25c.db
/home/msc18h28/ma/synopsys/alib/alib-52/sc9_soi12s0_base_svt_ss_nominal_max_0p90v_125c_mxs.db.alib
/home/msc18h28/ma/synopsys/alib/alib-52/io_gppr_soi12s0_t18_mv10_mv18_avt_pl_tt_cnom_1p00v_1p80v_25c.db.alib
/home/msc18h28/ma/technology/db/sc9_soi12s0_base_svt_ss_nominal_max_0p90v_125c_mxs.db
/home/msc18h28/ma/technology/db/io_gppr_soi12s0_t18_mv10_mv18_avt_pl_tt_cnom_1p00v_1p80v_25c.db
/home/msc18h28/ma/synopsys/scripts/shift_serializer_synth.tcl
/home/msc18h28/ma/sourcecode/shift_serializer.sv
/usr/pack/synopsys-2017.09-kgf/syn/libraries/syn/dw_foundation.sldb
/home/msc18h28/ma/technology/db/sc9_soi12s0_base_svt_ss_nominal_max_0p90v_125c_mxs.db
/home/msc18h28/ma/technology/db/io_gppr_soi12s0_t18_mv10_mv18_avt_pl_tt_cnom_1p00v_1p80v_25c.db
/usr/pack/synopsys-2017.09-kgf/syn/libraries/syn/gtech.db
/usr/pack/synopsys-2017.09-kgf/syn/libraries/syn/standard.sldb
/home/msc18h28/ma/synopsys/DDC/shift_serializer_elab.ddc
/home/msc18h28/ma/technology/db/sc9_soi12s0_base_svt_ss_nominal_max_0p90v_125c_mxs.db
/home/msc18h28/ma/synopsys/alib/alib-52/sc9_soi12s0_base_svt_ss_nominal_max_0p90v_125c_mxs.db.alib
/home/msc18h28/ma/technology/db/io_gppr_soi12s0_t18_mv10_mv18_avt_pl_tt_cnom_1p00v_1p80v_25c.db
/home/msc18h28/ma/synopsys/alib/alib-52/io_gppr_soi12s0_t18_mv10_mv18_avt_pl_tt_cnom_1p00v_1p80v_25c.db.alib
/home/msc18h28/ma/technology/db/sc9_soi12s0_base_svt_ss_nominal_max_0p90v_125c_mxs.db
/home/msc18h28/ma/technology/db/io_gppr_soi12s0_t18_mv10_mv18_avt_pl_tt_cnom_1p00v_1p80v_25c.db
/home/msc18h28/ma/synopsys/alib/alib-52/sc9_soi12s0_base_svt_ss_nominal_max_0p90v_125c_mxs.db.alib
/home/msc18h28/ma/synopsys/alib/alib-52/io_gppr_soi12s0_t18_mv10_mv18_avt_pl_tt_cnom_1p00v_1p80v_25c.db.alib
/home/msc18h28/ma/technology/db/sc9_soi12s0_base_svt_ss_nominal_max_0p90v_125c_mxs.db
/home/msc18h28/ma/technology/db/io_gppr_soi12s0_t18_mv10_mv18_avt_pl_tt_cnom_1p00v_1p80v_25c.db
/home/msc18h28/ma/synopsys/scripts/serializer_synth.tcl
/home/msc18h28/ma/sourcecode/toplevel.sv
/home/msc18h28/ma/sourcecode/serializer.sv
/home/msc18h28/ma/sourcecode/Clock_divider.v
/usr/pack/synopsys-2017.09-kgf/syn/libraries/syn/dw_foundation.sldb
/home/msc18h28/ma/technology/db/sc9_soi12s0_base_svt_ss_nominal_max_0p90v_125c_mxs.db
/home/msc18h28/ma/technology/db/io_gppr_soi12s0_t18_mv10_mv18_avt_pl_tt_cnom_1p00v_1p80v_25c.db
/usr/pack/synopsys-2017.09-kgf/syn/libraries/syn/gtech.db
/usr/pack/synopsys-2017.09-kgf/syn/libraries/syn/standard.sldb
/home/msc18h28/ma/synopsys/DDC/Serializer_elab.ddc
/home/msc18h28/ma/technology/db/sc9_soi12s0_base_svt_ss_nominal_max_0p90v_125c_mxs.db
/home/msc18h28/ma/synopsys/alib/alib-52/sc9_soi12s0_base_svt_ss_nominal_max_0p90v_125c_mxs.db.alib
/home/msc18h28/ma/technology/db/io_gppr_soi12s0_t18_mv10_mv18_avt_pl_tt_cnom_1p00v_1p80v_25c.db
/home/msc18h28/ma/synopsys/alib/alib-52/io_gppr_soi12s0_t18_mv10_mv18_avt_pl_tt_cnom_1p00v_1p80v_25c.db.alib
/home/msc18h28/ma/technology/db/sc9_soi12s0_base_svt_ss_nominal_max_0p90v_125c_mxs.db
/home/msc18h28/ma/technology/db/io_gppr_soi12s0_t18_mv10_mv18_avt_pl_tt_cnom_1p00v_1p80v_25c.db
/home/msc18h28/ma/synopsys/alib/alib-52/sc9_soi12s0_base_svt_ss_nominal_max_0p90v_125c_mxs.db.alib
/home/msc18h28/ma/synopsys/alib/alib-52/io_gppr_soi12s0_t18_mv10_mv18_avt_pl_tt_cnom_1p00v_1p80v_25c.db.alib
/home/msc18h28/ma/technology/db/sc9_soi12s0_base_svt_ss_nominal_max_0p90v_125c_mxs.db
/home/msc18h28/ma/technology/db/io_gppr_soi12s0_t18_mv10_mv18_avt_pl_tt_cnom_1p00v_1p80v_25c.db
